<?xml version="1.0" encoding="UTF-8"?>
<!-- Generated by org.testng.reporters.JUnitXMLReporter -->
<testsuite hostname="Elcot-PC" ignored="0" name="Default test" tests="3" failures="0" timestamp="17 May 2020 17:07:45 GMT" time="96.685" errors="0">
  <testcase name="LoginPageTitleTest" time="0.045" classname="com.crm.qa.test.LoginPageTest"/>
  <testcase name="ForgotLinkTest" time="0.281" classname="com.crm.qa.test.LoginPageTest"/>
  <testcase name="LoginBtnTest" time="1.088" classname="com.crm.qa.test.LoginPageTest"/>
</testsuite> <!-- Default test -->
